[2024-10-18 14:06:34,012] Importing data from Excel files...
[2024-10-18 14:06:34,160] Generating schedule using Greedy Paint Planner...
[2024-10-18 14:06:34,309] Greedy total penalty: 896.43
[2024-10-18 14:06:34,309] Elapsed time Constructive Heuristics (gpp): 0.147877
[2024-10-18 14:06:38,885] Improving schedule using 2-Exchange...
[2024-10-18 14:07:18,736] No further improvements possible.
[2024-10-18 14:07:21,065] 2-Exchange total penalty: 392.988889
[2024-10-18 14:07:21,065] Elapsed time Discrete Improving Search (te): 42.180490
[2024-10-18 14:07:22,755] Improving schedule using Simulated Annealing...
[2024-10-18 14:08:23,268] Simulated Annealing total penalty: 397.39
[2024-10-18 14:08:23,268] Elapsed time Meta Heuristics (sa): 60.512354
[2024-10-20 16:30:23,555] Importing data from Excel files...
[2024-10-20 16:30:23,743] Generating schedule using Greedy Paint Planner...
[2024-10-20 16:30:23,953] Greedy total penalty: 896.43
[2024-10-20 16:30:23,953] Elapsed time Constructive Heuristics (gpp): 0.210047
[2024-10-20 16:30:27,956] Improving schedule using 2-Exchange...
[2024-10-20 16:31:18,732] No further improvements possible.
[2024-10-20 16:31:20,748] 2-Exchange total penalty: 392.988889
[2024-10-20 16:31:20,748] Elapsed time Discrete Improving Search (te): 52.792071
[2024-10-20 16:58:41,076] Improving schedule using Simulated Annealing...
[2024-10-20 17:00:00,850] Simulated Annealing total penalty: 397.39
[2024-10-20 17:00:00,850] Elapsed time Meta Heuristics (sa): 79.774355
